<?xml version="1.0" encoding="UTF-8"?>
<!-- Generated by org.testng.reporters.JUnitXMLReporter -->
<testsuite hostname="SAVENKAT-LT" ignored="0" name="validatetitletest" tests="1" failures="1" timestamp="16 May 2020 17:21:29 GMT" time="18.705" errors="0">
  <testcase name="validateTitle" time="3.367" classname="Qaclickacademy.ValidateTitleTest">
    <failure type="java.lang.AssertionError" message="expected [FEATURED COU4535435RSES] but found [FEATURED COURSES]">
      <![CDATA[java.lang.AssertionError: expected [FEATURED COU4535435RSES] but found [FEATURED COURSES]
	at Qaclickacademy.ValidateTitleTest.validateTitle(ValidateTitleTest.java:31)
... Removed 31 stack frames]]>
    </failure>
  </testcase> <!-- validateTitle -->
</testsuite> <!-- validatetitletest -->
